<?xml version="1.0" encoding="UTF-8"?>
<testsuite name="삭제 - 실패" tests="5" skipped="0" failures="0" errors="0" timestamp="2022-09-07T11:58:01" hostname="Tommyui-MacBookAir.local" time="0.001">
  <properties/>
  <testcase name="Refresh-Token" classname="com.example.week6.controller.CommentControllerDeleteTest$CreateComment" time="0.0"/>
  <testcase name="Authorization" classname="com.example.week6.controller.CommentControllerDeleteTest$CreateComment" time="0.0"/>
  <testcase name="member is null" classname="com.example.week6.controller.CommentControllerDeleteTest$CreateComment" time="0.001"/>
  <testcase name="Comment is null" classname="com.example.week6.controller.CommentControllerDeleteTest$CreateComment" time="0.0"/>
  <testcase name="Member가 다름" classname="com.example.week6.controller.CommentControllerDeleteTest$CreateComment" time="0.0"/>
  <system-out><![CDATA[]]></system-out>
  <system-err><![CDATA[]]></system-err>
</testsuite>
