<?xml version="1.0" encoding="UTF-8"?>
<testsuite name="com.example.week6.Week6ApplicationTests" tests="1" skipped="0" failures="0" errors="0" timestamp="2022-09-05T07:31:47" hostname="Tommyui-MacBookAir.local" time="0.052">
  <properties/>
  <testcase name="contextLoads()" classname="com.example.week6.Week6ApplicationTests" time="0.052"/>
  <system-out><![CDATA[16:31:37.278 [Test worker] DEBUG org.springframework.test.context.BootstrapUtils - Instantiating CacheAwareContextLoaderDelegate from class [org.springframework.test.context.cache.DefaultCacheAwareContextLoaderDelegate]
16:31:37.282 [Test worker] DEBUG org.springframework.test.context.BootstrapUtils - Instantiating BootstrapContext using constructor [public org.springframework.test.context.support.DefaultBootstrapContext(java.lang.Class,org.springframework.test.context.CacheAwareContextLoaderDelegate)]
16:31:37.297 [Test worker] DEBUG org.springframework.test.context.BootstrapUtils - Instantiating TestContextBootstrapper for test class [com.example.week6.Week6ApplicationTests] from class [org.springframework.boot.test.context.SpringBootTestContextBootstrapper]
16:31:37.303 [Test worker] INFO org.springframework.boot.test.context.SpringBootTestContextBootstrapper - Neither @ContextConfiguration nor @ContextHierarchy found for test class [com.example.week6.Week6ApplicationTests], using SpringBootContextLoader
16:31:37.305 [Test worker] DEBUG org.springframework.test.context.support.AbstractContextLoader - Did not detect default resource location for test class [com.example.week6.Week6ApplicationTests]: class path resource [com/example/week6/Week6ApplicationTests-context.xml] does not exist
16:31:37.305 [Test worker] DEBUG org.springframework.test.context.support.AbstractContextLoader - Did not detect default resource location for test class [com.example.week6.Week6ApplicationTests]: class path resource [com/example/week6/Week6ApplicationTestsContext.groovy] does not exist
16:31:37.305 [Test worker] INFO org.springframework.test.context.support.AbstractContextLoader - Could not detect default resource locations for test class [com.example.week6.Week6ApplicationTests]: no resource found for suffixes {-context.xml, Context.groovy}.
16:31:37.305 [Test worker] INFO org.springframework.test.context.support.AnnotationConfigContextLoaderUtils - Could not detect default configuration classes for test class [com.example.week6.Week6ApplicationTests]: Week6ApplicationTests does not declare any static, non-private, non-final, nested classes annotated with @Configuration.
16:31:37.325 [Test worker] DEBUG org.springframework.test.context.support.ActiveProfilesUtils - Could not find an 'annotation declaring class' for annotation type [org.springframework.test.context.ActiveProfiles] and class [com.example.week6.Week6ApplicationTests]
16:31:37.352 [Test worker] DEBUG org.springframework.context.annotation.ClassPathScanningCandidateComponentProvider - Identified candidate component class: file [/Users/tommy/Desktop/week6/build/classes/java/main/com/example/week6/Week6Application.class]
16:31:37.353 [Test worker] INFO org.springframework.boot.test.context.SpringBootTestContextBootstrapper - Found @SpringBootConfiguration com.example.week6.Week6Application for test class com.example.week6.Week6ApplicationTests
16:31:37.411 [Test worker] DEBUG org.springframework.boot.test.context.SpringBootTestContextBootstrapper - @TestExecutionListeners is not present for class [com.example.week6.Week6ApplicationTests]: using defaults.
16:31:37.411 [Test worker] INFO org.springframework.boot.test.context.SpringBootTestContextBootstrapper - Loaded default TestExecutionListener class names from location [META-INF/spring.factories]: [org.springframework.boot.test.autoconfigure.restdocs.RestDocsTestExecutionListener, org.springframework.boot.test.autoconfigure.web.client.MockRestServiceServerResetTestExecutionListener, org.springframework.boot.test.autoconfigure.web.servlet.MockMvcPrintOnlyOnFailureTestExecutionListener, org.springframework.boot.test.autoconfigure.web.servlet.WebDriverTestExecutionListener, org.springframework.boot.test.autoconfigure.webservices.client.MockWebServiceServerTestExecutionListener, org.springframework.boot.test.mock.mockito.MockitoTestExecutionListener, org.springframework.boot.test.mock.mockito.ResetMocksTestExecutionListener, org.springframework.test.context.web.ServletTestExecutionListener, org.springframework.test.context.support.DirtiesContextBeforeModesTestExecutionListener, org.springframework.test.context.event.ApplicationEventsTestExecutionListener, org.springframework.test.context.support.DependencyInjectionTestExecutionListener, org.springframework.test.context.support.DirtiesContextTestExecutionListener, org.springframework.test.context.transaction.TransactionalTestExecutionListener, org.springframework.test.context.jdbc.SqlScriptsTestExecutionListener, org.springframework.test.context.event.EventPublishingTestExecutionListener]
16:31:37.419 [Test worker] INFO org.springframework.boot.test.context.SpringBootTestContextBootstrapper - Using TestExecutionListeners: [org.springframework.test.context.web.ServletTestExecutionListener@28fa700e, org.springframework.test.context.support.DirtiesContextBeforeModesTestExecutionListener@3d526ad9, org.springframework.test.context.event.ApplicationEventsTestExecutionListener@e041f0c, org.springframework.boot.test.mock.mockito.MockitoTestExecutionListener@6a175569, org.springframework.boot.test.autoconfigure.SpringBootDependencyInjectionTestExecutionListener@11963225, org.springframework.test.context.support.DirtiesContextTestExecutionListener@3f3c966c, org.springframework.test.context.transaction.TransactionalTestExecutionListener@11ee02f8, org.springframework.test.context.jdbc.SqlScriptsTestExecutionListener@4102b1b1, org.springframework.test.context.event.EventPublishingTestExecutionListener@61a5b4ae, org.springframework.boot.test.autoconfigure.restdocs.RestDocsTestExecutionListener@3a71c100, org.springframework.boot.test.autoconfigure.web.client.MockRestServiceServerResetTestExecutionListener@5b69fd74, org.springframework.boot.test.autoconfigure.web.servlet.MockMvcPrintOnlyOnFailureTestExecutionListener@f325091, org.springframework.boot.test.autoconfigure.web.servlet.WebDriverTestExecutionListener@437e951d, org.springframework.boot.test.autoconfigure.webservices.client.MockWebServiceServerTestExecutionListener@77b325b3, org.springframework.boot.test.mock.mockito.ResetMocksTestExecutionListener@63a5e46c]
16:31:37.421 [Test worker] DEBUG org.springframework.test.context.support.AbstractDirtiesContextTestExecutionListener - Before test class: context [DefaultTestContext@64b31700 testClass = Week6ApplicationTests, testInstance = [null], testMethod = [null], testException = [null], mergedContextConfiguration = [WebMergedContextConfiguration@3b65e559 testClass = Week6ApplicationTests, locations = '{}', classes = '{class com.example.week6.Week6Application}', contextInitializerClasses = '[]', activeProfiles = '{}', propertySourceLocations = '{}', propertySourceProperties = '{org.springframework.boot.test.context.SpringBootTestContextBootstrapper=true}', contextCustomizers = set[org.springframework.boot.test.autoconfigure.actuate.metrics.MetricsExportContextCustomizerFactory$DisableMetricExportContextCustomizer@5e81e5ac, org.springframework.boot.test.autoconfigure.properties.PropertyMappingContextCustomizer@0, org.springframework.boot.test.autoconfigure.web.servlet.WebDriverContextCustomizerFactory$Customizer@607fbe09, org.springframework.boot.test.context.filter.ExcludeFilterContextCustomizer@3382f8ae, org.springframework.boot.test.json.DuplicateJsonObjectContextCustomizerFactory$DuplicateJsonObjectContextCustomizer@a5bd950, org.springframework.boot.test.mock.mockito.MockitoContextCustomizer@0, org.springframework.boot.test.web.client.TestRestTemplateContextCustomizer@163d04ff, org.springframework.boot.test.context.SpringBootTestArgs@1, org.springframework.boot.test.context.SpringBootTestWebEnvironment@47c81abf], resourceBasePath = 'src/main/webapp', contextLoader = 'org.springframework.boot.test.context.SpringBootContextLoader', parent = [null]], attributes = map['org.springframework.test.context.web.ServletTestExecutionListener.activateListener' -> true]], class annotated with @DirtiesContext [false] with mode [null].

  .   ____          _            __ _ _
 /\\ / ___'_ __ _ _(_)_ __  __ _ \ \ \ \
( ( )\___ | '_ | '_| | '_ \/ _` | \ \ \ \
 \\/  ___)| |_)| | | | | || (_| |  ) ) ) )
  '  |____| .__|_| |_|_| |_\__, | / / / /
 =========|_|==============|___/=/_/_/_/
 :: Spring Boot ::                (v2.7.3)

2022-09-05 16:31:37.598  INFO 28666 --- [    Test worker] com.example.week6.Week6ApplicationTests  : Starting Week6ApplicationTests using Java 11.0.15 on Tommyui-MacBookAir.local with PID 28666 (started by tommy in /Users/tommy/Desktop/week6)
2022-09-05 16:31:37.599  INFO 28666 --- [    Test worker] com.example.week6.Week6ApplicationTests  : The following 2 profiles are active: "aws", "credentials"
2022-09-05 16:31:37.962  INFO 28666 --- [    Test worker] .s.d.r.c.RepositoryConfigurationDelegate : Bootstrapping Spring Data JPA repositories in DEFAULT mode.
2022-09-05 16:31:37.993  INFO 28666 --- [    Test worker] .s.d.r.c.RepositoryConfigurationDelegate : Finished Spring Data repository scanning in 27 ms. Found 6 JPA repository interfaces.
2022-09-05 16:31:44.728  INFO 28666 --- [    Test worker] trationDelegate$BeanPostProcessorChecker : Bean '(inner bean)#30a7653e' of type [com.amazonaws.auth.BasicAWSCredentials] is not eligible for getting processed by all BeanPostProcessors (for example: not eligible for auto-proxying)
2022-09-05 16:31:44.730  INFO 28666 --- [    Test worker] trationDelegate$BeanPostProcessorChecker : Bean '(inner bean)#7c46c9c3' of type [com.amazonaws.auth.AWSStaticCredentialsProvider] is not eligible for getting processed by all BeanPostProcessors (for example: not eligible for auto-proxying)
2022-09-05 16:31:44.735  INFO 28666 --- [    Test worker] trationDelegate$BeanPostProcessorChecker : Bean '(inner bean)#15d3793b' of type [com.amazonaws.auth.profile.ProfileCredentialsProvider] is not eligible for getting processed by all BeanPostProcessors (for example: not eligible for auto-proxying)
2022-09-05 16:31:44.740  INFO 28666 --- [    Test worker] trationDelegate$BeanPostProcessorChecker : Bean 'credentialsProvider' of type [org.springframework.cloud.aws.core.credentials.CredentialsProviderFactoryBean] is not eligible for getting processed by all BeanPostProcessors (for example: not eligible for auto-proxying)
2022-09-05 16:31:44.740  INFO 28666 --- [    Test worker] trationDelegate$BeanPostProcessorChecker : Bean 'credentialsProvider' of type [com.amazonaws.auth.AWSCredentialsProviderChain] is not eligible for getting processed by all BeanPostProcessors (for example: not eligible for auto-proxying)
2022-09-05 16:31:44.897  INFO 28666 --- [    Test worker] o.hibernate.jpa.internal.util.LogHelper  : HHH000204: Processing PersistenceUnitInfo [name: default]
2022-09-05 16:31:44.937  INFO 28666 --- [    Test worker] org.hibernate.Version                    : HHH000412: Hibernate ORM core version 5.6.10.Final
2022-09-05 16:31:45.025  INFO 28666 --- [    Test worker] o.hibernate.annotations.common.Version   : HCANN000001: Hibernate Commons Annotations {5.1.2.Final}
2022-09-05 16:31:45.078  INFO 28666 --- [    Test worker] com.zaxxer.hikari.HikariDataSource       : HikariPool-1 - Starting...
2022-09-05 16:31:45.435  INFO 28666 --- [    Test worker] com.zaxxer.hikari.HikariDataSource       : HikariPool-1 - Start completed.
2022-09-05 16:31:45.455  INFO 28666 --- [    Test worker] org.hibernate.dialect.Dialect            : HHH000400: Using dialect: org.hibernate.dialect.MySQL8Dialect
2022-09-05 16:31:46.150  INFO 28666 --- [    Test worker] o.h.e.t.j.p.i.JtaPlatformInitiator       : HHH000490: Using JtaPlatform implementation: [org.hibernate.engine.transaction.jta.platform.internal.NoJtaPlatform]
2022-09-05 16:31:46.156  INFO 28666 --- [    Test worker] j.LocalContainerEntityManagerFactoryBean : Initialized JPA EntityManagerFactory for persistence unit 'default'
2022-09-05 16:31:46.757  WARN 28666 --- [    Test worker] JpaBaseConfiguration$JpaWebConfiguration : spring.jpa.open-in-view is enabled by default. Therefore, database queries may be performed during view rendering. Explicitly configure spring.jpa.open-in-view to disable this warning
2022-09-05 16:31:46.943  INFO 28666 --- [    Test worker] o.s.s.web.DefaultSecurityFilterChain     : Will secure any request with [org.springframework.security.web.session.DisableEncodeUrlFilter@3e2a8fc, org.springframework.security.web.context.request.async.WebAsyncManagerIntegrationFilter@6921ce3f, org.springframework.security.web.context.SecurityContextPersistenceFilter@25131637, org.springframework.security.web.header.HeaderWriterFilter@3380313d, org.springframework.web.filter.CorsFilter@4f1072ee, org.springframework.security.web.authentication.logout.LogoutFilter@5c7876e1, com.example.week6.jwt.JwtFilter@7b0a69b9, org.springframework.security.web.savedrequest.RequestCacheAwareFilter@5e7fc012, org.springframework.security.web.servletapi.SecurityContextHolderAwareRequestFilter@63e0c744, org.springframework.security.web.authentication.AnonymousAuthenticationFilter@6d398b6c, org.springframework.security.web.session.SessionManagementFilter@51c0346d, org.springframework.security.web.access.ExceptionTranslationFilter@71979130, org.springframework.security.web.access.intercept.FilterSecurityInterceptor@22cbbe87]
2022-09-05 16:31:47.202  INFO 28666 --- [    Test worker] com.example.week6.Week6ApplicationTests  : Started Week6ApplicationTests in 9.76 seconds (JVM running for 10.341)
]]></system-out>
  <system-err><![CDATA[]]></system-err>
</testsuite>
