<?xml version="1.0" encoding="UTF-8"?>
<testsuite name="com.example.week6.controller.CommentControllerAllCommentTest" tests="1" skipped="0" failures="0" errors="0" timestamp="2022-09-07T11:58:01" hostname="Tommyui-MacBookAir.local" time="0.001">
  <properties/>
  <testcase name="전체 조회- success" classname="com.example.week6.controller.CommentControllerAllCommentTest" time="0.001"/>
  <system-out><![CDATA[]]></system-out>
  <system-err><![CDATA[]]></system-err>
</testsuite>
