<?xml version="1.0" encoding="UTF-8"?>
<testsuite name="com.example.week6.controller.CommentControllerDeleteTest" tests="1" skipped="0" failures="0" errors="0" timestamp="2022-09-07T11:58:01" hostname="Tommyui-MacBookAir.local" time="0.0">
  <properties/>
  <testcase name="삭제- success" classname="com.example.week6.controller.CommentControllerDeleteTest" time="0.0"/>
  <system-out><![CDATA[]]></system-out>
  <system-err><![CDATA[]]></system-err>
</testsuite>
